TN:
SF:src/factories/factory-util.service.ts
FN:6,(anonymous_0)
FN:10,(anonymous_1)
FN:14,(anonymous_2)
FN:18,(anonymous_3)
FN:22,(anonymous_4)
FN:36,(anonymous_5)
FNF:6
FNH:6
FNDA:2,(anonymous_0)
FNDA:4,(anonymous_1)
FNDA:2,(anonymous_2)
FNDA:6,(anonymous_3)
FNDA:6,(anonymous_4)
FNDA:6,(anonymous_5)
DA:1,1
DA:5,1
DA:7,2
DA:11,4
DA:15,2
DA:19,6
DA:23,6
DA:25,6
DA:26,0
DA:29,6
DA:30,2
DA:33,4
DA:37,6
DA:38,4
DA:41,2
DA:42,0
DA:44,2
LF:17
LH:15
BRDA:25,0,0,0
BRDA:25,0,1,6
BRDA:29,1,0,2
BRDA:29,1,1,4
BRDA:37,2,0,4
BRDA:37,2,1,2
BRDA:41,3,0,0
BRDA:41,3,1,2
BRF:8
BRH:6
end_of_record
TN:
SF:src/factories/game.factory.ts
FN:5,(anonymous_0)
FN:8,(anonymous_1)
FN:20,(anonymous_2)
FNF:3
FNH:3
FNDA:1,(anonymous_0)
FNDA:6,(anonymous_1)
FNDA:1,(anonymous_2)
DA:3,1
DA:5,1
DA:6,1
DA:9,6
DA:10,6
DA:12,6
DA:21,1
DA:23,1
DA:24,6
DA:27,1
LF:10
LH:10
BRDA:9,0,0,6
BRDA:9,0,1,0
BRDA:10,1,0,6
BRDA:10,1,1,0
BRF:4
BRH:2
end_of_record
TN:
SF:src/factories/gameDto.factory.ts
FN:5,(anonymous_0)
FN:8,(anonymous_1)
FN:15,(anonymous_2)
FNF:3
FNH:2
FNDA:1,(anonymous_0)
FNDA:6,(anonymous_1)
FNDA:0,(anonymous_2)
DA:2,1
DA:5,1
DA:6,1
DA:9,6
DA:10,6
DA:12,6
DA:16,0
LF:7
LH:6
BRDA:9,0,0,6
BRDA:9,0,1,0
BRDA:10,1,0,6
BRDA:10,1,1,0
BRF:4
BRH:2
end_of_record
TN:
SF:src/factories/user.factory.ts
FN:5,(anonymous_0)
FN:8,(anonymous_1)
FN:18,(anonymous_2)
FNF:3
FNH:2
FNDA:1,(anonymous_0)
FNDA:2,(anonymous_1)
FNDA:0,(anonymous_2)
DA:3,1
DA:5,1
DA:6,1
DA:9,2
DA:19,0
DA:21,0
DA:22,0
DA:25,0
LF:8
LH:4
BRDA:10,0,0,0
BRDA:10,0,1,2
BRF:2
BRH:1
end_of_record
TN:
SF:src/modules/game/game-mapper/game-mapper.service.ts
FN:12,(anonymous_2)
FN:16,(anonymous_3)
FN:17,(anonymous_4)
FN:18,(anonymous_5)
FN:24,(anonymous_6)
FN:25,(anonymous_7)
FN:26,(anonymous_8)
FN:27,(anonymous_9)
FN:38,(anonymous_10)
FN:52,(anonymous_11)
FN:54,(anonymous_12)
FN:55,(anonymous_13)
FN:56,(anonymous_14)
FN:57,(anonymous_15)
FN:70,(anonymous_16)
FNF:15
FNH:9
FNDA:4,(anonymous_2)
FNDA:1,(anonymous_3)
FNDA:1,(anonymous_4)
FNDA:1,(anonymous_5)
FNDA:2,(anonymous_6)
FNDA:7,(anonymous_7)
FNDA:8,(anonymous_8)
FNDA:13,(anonymous_9)
FNDA:7,(anonymous_10)
FNDA:0,(anonymous_11)
FNDA:0,(anonymous_12)
FNDA:0,(anonymous_13)
FNDA:0,(anonymous_14)
FNDA:0,(anonymous_15)
FNDA:0,(anonymous_16)
DA:1,2
DA:2,2
DA:7,2
DA:10,2
DA:12,4
DA:13,4
DA:17,1
DA:18,1
DA:19,1
DA:25,2
DA:26,8
DA:27,13
DA:29,7
DA:39,7
DA:40,0
DA:43,7
DA:44,2
DA:47,5
DA:48,1
DA:54,0
DA:55,0
DA:56,0
DA:57,0
DA:59,0
DA:60,0
DA:63,0
DA:67,0
DA:68,0
DA:70,0
DA:74,0
LF:30
LH:18
BRDA:30,0,0,7
BRDA:30,0,1,0
BRDA:31,1,0,7
BRDA:31,1,1,0
BRDA:39,2,0,0
BRDA:39,2,1,7
BRDA:43,3,0,2
BRDA:43,3,1,5
BRDA:43,4,0,7
BRDA:43,4,1,7
BRDA:47,5,0,1
BRDA:47,5,1,4
BRDA:47,6,0,5
BRDA:47,6,1,5
BRDA:59,7,0,0
BRDA:59,7,1,0
BRDA:59,8,0,0
BRDA:59,8,1,0
BRDA:67,9,0,0
BRDA:67,9,1,0
BRDA:76,10,0,0
BRDA:76,10,1,0
BRF:22
BRH:11
end_of_record
TN:
SF:src/modules/game/game-repository/game-repository.service.ts
FN:8,(anonymous_4)
FN:11,(anonymous_5)
FN:15,(anonymous_6)
FNF:3
FNH:1
FNDA:3,(anonymous_4)
FNDA:0,(anonymous_5)
FNDA:0,(anonymous_6)
DA:1,2
DA:3,2
DA:4,2
DA:7,2
DA:8,3
DA:12,0
DA:16,0
LF:7
LH:5
BRF:0
BRH:0
end_of_record
TN:
SF:src/modules/game/game.service/game.service.ts
FN:11,(anonymous_9)
FN:16,(anonymous_10)
FN:23,(anonymous_12)
FN:26,(anonymous_13)
FN:30,(anonymous_14)
FNF:5
FNH:2
FNDA:2,(anonymous_9)
FNDA:1,(anonymous_10)
FNDA:0,(anonymous_12)
FNDA:0,(anonymous_13)
FNDA:0,(anonymous_14)
DA:1,1
DA:5,1
DA:6,1
DA:7,1
DA:10,1
DA:11,2
DA:12,2
DA:13,2
DA:17,1
DA:18,1
DA:20,1
DA:24,0
DA:25,0
DA:26,0
DA:31,0
DA:32,0
DA:35,0
LF:17
LH:11
BRDA:24,0,0,0
BRDA:24,0,1,0
BRDA:31,1,0,0
BRDA:31,1,1,0
BRDA:31,2,0,0
BRDA:31,2,1,0
BRDA:31,2,2,0
BRF:7
BRH:0
end_of_record
TN:
SF:src/modules/rule/rule-mapper/rule-mapper.service.ts
FN:8,(anonymous_1)
FNF:1
FNH:0
FNDA:0,(anonymous_1)
DA:1,2
DA:7,2
DA:9,0
LF:3
LH:2
BRF:0
BRH:0
end_of_record
TN:
SF:src/modules/rule/rule-repository/rule-repository.service.ts
FN:8,(anonymous_4)
FN:11,(anonymous_5)
FN:15,(anonymous_6)
FNF:3
FNH:1
FNDA:1,(anonymous_4)
FNDA:0,(anonymous_5)
FNDA:0,(anonymous_6)
DA:1,2
DA:2,2
DA:3,2
DA:7,2
DA:8,1
DA:12,0
DA:16,0
LF:7
LH:5
BRF:0
BRH:0
end_of_record
TN:
SF:src/modules/rule/rule-service/rule.service.ts
FN:11,(anonymous_9)
FN:16,(anonymous_10)
FN:20,(anonymous_12)
FN:23,(anonymous_13)
FNF:4
FNH:1
FNDA:1,(anonymous_9)
FNDA:0,(anonymous_10)
FNDA:0,(anonymous_12)
FNDA:0,(anonymous_13)
DA:1,1
DA:4,1
DA:6,1
DA:7,1
DA:10,1
DA:11,1
DA:12,1
DA:13,1
DA:17,0
DA:18,0
DA:20,0
DA:24,0
DA:29,0
DA:31,0
LF:14
LH:8
BRF:0
BRH:0
end_of_record
TN:
SF:src/modules/shared/services/sort/sort.service.ts
FN:5,(anonymous_1)
FN:6,(anonymous_2)
FN:9,(anonymous_3)
FN:10,(anonymous_4)
FNF:4
FNH:4
FNDA:5,(anonymous_1)
FNDA:9,(anonymous_2)
FNDA:3,(anonymous_3)
FNDA:3,(anonymous_4)
DA:1,3
DA:4,3
DA:6,9
DA:10,3
LF:4
LH:4
BRF:0
BRH:0
end_of_record
TN:
SF:src/modules/shared/services/util/util.service.ts
FN:5,(anonymous_1)
FNF:1
FNH:1
FNDA:4,(anonymous_1)
DA:1,3
DA:4,3
DA:6,4
LF:3
LH:3
BRDA:6,0,0,4
BRDA:6,0,1,3
BRF:2
BRH:2
end_of_record
TN:
SF:src/modules/users/user-repository/user-repository.service.ts
FN:9,(anonymous_11)
FN:12,(anonymous_12)
FN:16,(anonymous_13)
FN:26,(anonymous_15)
FN:30,(anonymous_16)
FNF:5
FNH:1
FNDA:4,(anonymous_11)
FNDA:0,(anonymous_12)
FNDA:0,(anonymous_13)
FNDA:0,(anonymous_15)
FNDA:0,(anonymous_16)
DA:1,2
DA:3,2
DA:4,2
DA:7,2
DA:9,4
DA:13,0
DA:17,0
DA:19,0
DA:20,0
DA:23,0
DA:27,0
DA:31,0
LF:12
LH:5
BRDA:19,0,0,0
BRDA:19,0,1,0
BRF:2
BRH:0
end_of_record
