{"/Users/rogier/WebstormProjects/montepoeli/server/src/constants/enums.ts": {"path":"/Users/rogier/WebstormProjects/montepoeli/server/src/constants/enums.ts","statementMap":{"0":{"start":{"line":1,"column":0},"end":{"line":1,"column":null}},"1":{"start":{"line":2,"column":2},"end":{"line":2,"column":null}},"2":{"start":{"line":3,"column":2},"end":{"line":3,"column":null}},"3":{"start":{"line":4,"column":2},"end":{"line":4,"column":null}}},"fnMap":{"0":{"name":"(anonymous_0)","decl":{"start":{"line":1,"column":0},"end":{"line":1,"column":12}},"loc":{"start":{"line":1,"column":20},"end":{"line":5,"column":1}}}},"branchMap":{"0":{"loc":{"start":{"line":1,"column":12},"end":{"line":1,"column":20}},"type":"binary-expr","locations":[{"start":{"line":1,"column":12},"end":{"line":1,"column":20}},{"start":{"line":1,"column":12},"end":{"line":1,"column":null}}]}},"s":{"0":2,"1":2,"2":2,"3":2},"f":{"0":2},"b":{"0":[2,2]}}
,"/Users/rogier/WebstormProjects/montepoeli/server/src/factories/factory-util.service.ts": {"path":"/Users/rogier/WebstormProjects/montepoeli/server/src/factories/factory-util.service.ts","statementMap":{"0":{"start":{"line":1,"column":0},"end":{"line":1,"column":31}},"1":{"start":{"line":5,"column":4},"end":{"line":5,"column":31}},"2":{"start":{"line":9,"column":4},"end":{"line":9,"column":34}},"3":{"start":{"line":13,"column":4},"end":{"line":13,"column":39}},"4":{"start":{"line":17,"column":4},"end":{"line":17,"column":22}},"5":{"start":{"line":21,"column":24},"end":{"line":21,"column":49}},"6":{"start":{"line":23,"column":4},"end":{"line":25,"column":null}},"7":{"start":{"line":24,"column":6},"end":{"line":24,"column":21}},"8":{"start":{"line":27,"column":4},"end":{"line":29,"column":null}},"9":{"start":{"line":28,"column":6},"end":{"line":28,"column":21}},"10":{"start":{"line":31,"column":4},"end":{"line":31,"column":21}},"11":{"start":{"line":35,"column":4},"end":{"line":37,"column":null}},"12":{"start":{"line":36,"column":6},"end":{"line":36,"column":23}},"13":{"start":{"line":39,"column":4},"end":{"line":43,"column":null}},"14":{"start":{"line":40,"column":6},"end":{"line":40,"column":21}},"15":{"start":{"line":42,"column":6},"end":{"line":42,"column":21}},"16":{"start":{"line":3,"column":0},"end":{"line":3,"column":13}}},"fnMap":{"0":{"name":"(anonymous_0)","decl":{"start":{"line":4,"column":9},"end":{"line":4,"column":11}},"loc":{"start":{"line":4,"column":11},"end":{"line":6,"column":3}}},"1":{"name":"(anonymous_1)","decl":{"start":{"line":8,"column":9},"end":{"line":8,"column":13}},"loc":{"start":{"line":8,"column":13},"end":{"line":10,"column":3}}},"2":{"name":"(anonymous_2)","decl":{"start":{"line":12,"column":9},"end":{"line":12,"column":21}},"loc":{"start":{"line":12,"column":21},"end":{"line":14,"column":3}}},"3":{"name":"(anonymous_3)","decl":{"start":{"line":16,"column":9},"end":{"line":16,"column":13}},"loc":{"start":{"line":16,"column":13},"end":{"line":18,"column":3}}},"4":{"name":"(anonymous_4)","decl":{"start":{"line":20,"column":9},"end":{"line":20,"column":21}},"loc":{"start":{"line":20,"column":54},"end":{"line":32,"column":3}}},"5":{"name":"(anonymous_5)","decl":{"start":{"line":34,"column":9},"end":{"line":34,"column":23}},"loc":{"start":{"line":34,"column":57},"end":{"line":44,"column":3}}}},"branchMap":{"0":{"loc":{"start":{"line":23,"column":4},"end":{"line":25,"column":null}},"type":"if","locations":[{"start":{"line":23,"column":4},"end":{"line":25,"column":null}},{"start":{"line":23,"column":4},"end":{"line":25,"column":null}}]},"1":{"loc":{"start":{"line":27,"column":4},"end":{"line":29,"column":null}},"type":"if","locations":[{"start":{"line":27,"column":4},"end":{"line":29,"column":null}},{"start":{"line":27,"column":4},"end":{"line":29,"column":null}}]},"2":{"loc":{"start":{"line":35,"column":4},"end":{"line":37,"column":null}},"type":"if","locations":[{"start":{"line":35,"column":4},"end":{"line":37,"column":null}},{"start":{"line":35,"column":4},"end":{"line":37,"column":null}}]},"3":{"loc":{"start":{"line":39,"column":4},"end":{"line":43,"column":null}},"type":"if","locations":[{"start":{"line":39,"column":4},"end":{"line":43,"column":null}},{"start":{"line":39,"column":4},"end":{"line":43,"column":null}}]}},"s":{"0":1,"1":2,"2":4,"3":2,"4":6,"5":6,"6":6,"7":1,"8":5,"9":2,"10":3,"11":6,"12":3,"13":3,"14":1,"15":2,"16":1},"f":{"0":2,"1":4,"2":2,"3":6,"4":6,"5":6},"b":{"0":[1,5],"1":[2,3],"2":[3,3],"3":[1,2]}}
,"/Users/rogier/WebstormProjects/montepoeli/server/src/factories/game.factory.ts": {"path":"/Users/rogier/WebstormProjects/montepoeli/server/src/factories/game.factory.ts","statementMap":{"0":{"start":{"line":3,"column":0},"end":{"line":3,"column":58}},"1":{"start":{"line":6,"column":10},"end":{"line":6,"column":56}},"2":{"start":{"line":9,"column":18},"end":{"line":9,"column":66}},"3":{"start":{"line":10,"column":18},"end":{"line":10,"column":66}},"4":{"start":{"line":12,"column":4},"end":{"line":17,"column":6}},"5":{"start":{"line":21,"column":25},"end":{"line":21,"column":27}},"6":{"start":{"line":23,"column":4},"end":{"line":25,"column":null}},"7":{"start":{"line":23,"column":17},"end":{"line":23,"column":18}},"8":{"start":{"line":24,"column":6},"end":{"line":24,"column":47}},"9":{"start":{"line":27,"column":4},"end":{"line":27,"column":16}},"10":{"start":{"line":5,"column":0},"end":{"line":5,"column":13}}},"fnMap":{"0":{"name":"(anonymous_0)","decl":{"start":{"line":5,"column":0},"end":{"line":5,"column":13}},"loc":{"start":{"line":5,"column":0},"end":{"line":29,"column":1}}},"1":{"name":"(anonymous_1)","decl":{"start":{"line":8,"column":9},"end":{"line":8,"column":15}},"loc":{"start":{"line":8,"column":50},"end":{"line":18,"column":3}}},"2":{"name":"(anonymous_2)","decl":{"start":{"line":20,"column":9},"end":{"line":20,"column":19}},"loc":{"start":{"line":20,"column":70},"end":{"line":28,"column":3}}}},"branchMap":{"0":{"loc":{"start":{"line":9,"column":28},"end":{"line":9,"column":35}},"type":"cond-expr","locations":[{"start":{"line":9,"column":28},"end":{"line":9,"column":35}},{"start":{"line":9,"column":38},"end":{"line":9,"column":66}}]},"1":{"loc":{"start":{"line":10,"column":28},"end":{"line":10,"column":35}},"type":"cond-expr","locations":[{"start":{"line":10,"column":28},"end":{"line":10,"column":35}},{"start":{"line":10,"column":38},"end":{"line":10,"column":66}}]}},"s":{"0":1,"1":1,"2":6,"3":6,"4":6,"5":1,"6":1,"7":1,"8":6,"9":1,"10":1},"f":{"0":1,"1":6,"2":1},"b":{"0":[6,0],"1":[6,0]}}
,"/Users/rogier/WebstormProjects/montepoeli/server/src/factories/gameDto.factory.ts": {"path":"/Users/rogier/WebstormProjects/montepoeli/server/src/factories/gameDto.factory.ts","statementMap":{"0":{"start":{"line":2,"column":0},"end":{"line":2,"column":58}},"1":{"start":{"line":6,"column":10},"end":{"line":6,"column":56}},"2":{"start":{"line":9,"column":18},"end":{"line":9,"column":72}},"3":{"start":{"line":10,"column":18},"end":{"line":10,"column":72}},"4":{"start":{"line":12,"column":4},"end":{"line":12,"column":34}},"5":{"start":{"line":16,"column":4},"end":{"line":16,"column":35}},"6":{"start":{"line":5,"column":0},"end":{"line":5,"column":13}}},"fnMap":{"0":{"name":"(anonymous_0)","decl":{"start":{"line":5,"column":0},"end":{"line":5,"column":13}},"loc":{"start":{"line":5,"column":0},"end":{"line":18,"column":1}}},"1":{"name":"(anonymous_1)","decl":{"start":{"line":8,"column":9},"end":{"line":8,"column":15}},"loc":{"start":{"line":8,"column":71},"end":{"line":13,"column":3}}},"2":{"name":"(anonymous_2)","decl":{"start":{"line":15,"column":9},"end":{"line":15,"column":19}},"loc":{"start":{"line":15,"column":70},"end":{"line":17,"column":3}}}},"branchMap":{"0":{"loc":{"start":{"line":9,"column":30},"end":{"line":9,"column":39}},"type":"cond-expr","locations":[{"start":{"line":9,"column":30},"end":{"line":9,"column":39}},{"start":{"line":9,"column":42},"end":{"line":9,"column":72}}]},"1":{"loc":{"start":{"line":10,"column":30},"end":{"line":10,"column":39}},"type":"cond-expr","locations":[{"start":{"line":10,"column":30},"end":{"line":10,"column":39}},{"start":{"line":10,"column":42},"end":{"line":10,"column":72}}]}},"s":{"0":1,"1":1,"2":6,"3":6,"4":6,"5":0,"6":1},"f":{"0":1,"1":6,"2":0},"b":{"0":[6,0],"1":[6,0]}}
,"/Users/rogier/WebstormProjects/montepoeli/server/src/factories/user.factory.ts": {"path":"/Users/rogier/WebstormProjects/montepoeli/server/src/factories/user.factory.ts","statementMap":{"0":{"start":{"line":3,"column":0},"end":{"line":3,"column":58}},"1":{"start":{"line":6,"column":10},"end":{"line":6,"column":56}},"2":{"start":{"line":9,"column":4},"end":{"line":14,"column":6}},"3":{"start":{"line":18,"column":25},"end":{"line":18,"column":27}},"4":{"start":{"line":20,"column":4},"end":{"line":22,"column":null}},"5":{"start":{"line":20,"column":17},"end":{"line":20,"column":18}},"6":{"start":{"line":21,"column":6},"end":{"line":21,"column":31}},"7":{"start":{"line":24,"column":4},"end":{"line":24,"column":16}},"8":{"start":{"line":5,"column":0},"end":{"line":5,"column":13}}},"fnMap":{"0":{"name":"(anonymous_0)","decl":{"start":{"line":5,"column":0},"end":{"line":5,"column":13}},"loc":{"start":{"line":5,"column":0},"end":{"line":27,"column":1}}},"1":{"name":"(anonymous_1)","decl":{"start":{"line":8,"column":9},"end":{"line":8,"column":15}},"loc":{"start":{"line":8,"column":27},"end":{"line":15,"column":3}}},"2":{"name":"(anonymous_2)","decl":{"start":{"line":17,"column":9},"end":{"line":17,"column":19}},"loc":{"start":{"line":17,"column":34},"end":{"line":25,"column":3}}}},"branchMap":{"0":{"loc":{"start":{"line":10,"column":15},"end":{"line":10,"column":17}},"type":"cond-expr","locations":[{"start":{"line":10,"column":15},"end":{"line":10,"column":17}},{"start":{"line":10,"column":20},"end":{"line":10,"column":48}}]}},"s":{"0":1,"1":1,"2":2,"3":0,"4":0,"5":0,"6":0,"7":0,"8":1},"f":{"0":1,"1":2,"2":0},"b":{"0":[0,2]}}
,"/Users/rogier/WebstormProjects/montepoeli/server/src/modules/game/game-mapper/game-mapper.service.ts": {"path":"/Users/rogier/WebstormProjects/montepoeli/server/src/modules/game/game-mapper/game-mapper.service.ts","statementMap":{"0":{"start":{"line":1,"column":0},"end":{"line":1,"column":61}},"1":{"start":{"line":2,"column":0},"end":{"line":2,"column":68}},"2":{"start":{"line":6,"column":0},"end":{"line":6,"column":50}},"3":{"start":{"line":8,"column":0},"end":{"line":8,"column":90}},"4":{"start":{"line":11,"column":0},"end":{"line":87,"column":null}},"5":{"start":{"line":13,"column":38},"end":{"line":13,"column":61}},"6":{"start":{"line":14,"column":38},"end":{"line":14,"column":51}},"7":{"start":{"line":18,"column":4},"end":{"line":22,"column":6}},"8":{"start":{"line":19,"column":6},"end":{"line":21,"column":8}},"9":{"start":{"line":20,"column":8},"end":{"line":20,"column":58}},"10":{"start":{"line":26,"column":4},"end":{"line":36,"column":6}},"11":{"start":{"line":27,"column":26},"end":{"line":27,"column":76}},"12":{"start":{"line":27,"column":53},"end":{"line":27,"column":75}},"13":{"start":{"line":28,"column":26},"end":{"line":28,"column":76}},"14":{"start":{"line":28,"column":53},"end":{"line":28,"column":75}},"15":{"start":{"line":30,"column":8},"end":{"line":34,"column":21}},"16":{"start":{"line":40,"column":4},"end":{"line":67,"column":6}},"17":{"start":{"line":41,"column":6},"end":{"line":66,"column":8}},"18":{"start":{"line":42,"column":32},"end":{"line":42,"column":121}},"19":{"start":{"line":42,"column":59},"end":{"line":42,"column":120}},"20":{"start":{"line":43,"column":32},"end":{"line":43,"column":121}},"21":{"start":{"line":43,"column":59},"end":{"line":43,"column":120}},"22":{"start":{"line":45,"column":8},"end":{"line":47,"column":null}},"23":{"start":{"line":46,"column":10},"end":{"line":46,"column":56}},"24":{"start":{"line":49,"column":35},"end":{"line":49,"column":68}},"25":{"start":{"line":52,"column":8},"end":{"line":58,"column":null}},"26":{"start":{"line":53,"column":10},"end":{"line":53,"column":33}},"27":{"start":{"line":54,"column":15},"end":{"line":58,"column":null}},"28":{"start":{"line":55,"column":10},"end":{"line":55,"column":33}},"29":{"start":{"line":57,"column":10},"end":{"line":57,"column":28}},"30":{"start":{"line":61,"column":8},"end":{"line":65,"column":11}},"31":{"start":{"line":71,"column":4},"end":{"line":73,"column":null}},"32":{"start":{"line":72,"column":6},"end":{"line":72,"column":27}},"33":{"start":{"line":75,"column":4},"end":{"line":77,"column":null}},"34":{"start":{"line":76,"column":6},"end":{"line":76,"column":28}},"35":{"start":{"line":79,"column":4},"end":{"line":81,"column":null}},"36":{"start":{"line":80,"column":6},"end":{"line":80,"column":28}},"37":{"start":{"line":85,"column":4},"end":{"line":85,"column":61}},"38":{"start":{"line":11,"column":13},"end":{"line":87,"column":null}},"39":{"start":{"line":11,"column":13},"end":{"line":11,"column":30}}},"fnMap":{"0":{"name":"(anonymous_2)","decl":{"start":{"line":13,"column":2},"end":{"line":13,"column":38}},"loc":{"start":{"line":14,"column":62},"end":{"line":15,"column":3}}},"1":{"name":"(anonymous_3)","decl":{"start":{"line":17,"column":9},"end":{"line":17,"column":21}},"loc":{"start":{"line":17,"column":35},"end":{"line":23,"column":3}}},"2":{"name":"(anonymous_4)","decl":{"start":{"line":18,"column":23},"end":{"line":18,"column":24}},"loc":{"start":{"line":19,"column":6},"end":{"line":21,"column":8}}},"3":{"name":"(anonymous_5)","decl":{"start":{"line":19,"column":45},"end":{"line":19,"column":46}},"loc":{"start":{"line":19,"column":63},"end":{"line":21,"column":7}}},"4":{"name":"(anonymous_6)","decl":{"start":{"line":25,"column":9},"end":{"line":25,"column":30}},"loc":{"start":{"line":25,"column":59},"end":{"line":37,"column":3}}},"5":{"name":"(anonymous_7)","decl":{"start":{"line":26,"column":21},"end":{"line":26,"column":22}},"loc":{"start":{"line":26,"column":36},"end":{"line":35,"column":7}}},"6":{"name":"(anonymous_8)","decl":{"start":{"line":27,"column":37},"end":{"line":27,"column":38}},"loc":{"start":{"line":27,"column":53},"end":{"line":27,"column":75}}},"7":{"name":"(anonymous_9)","decl":{"start":{"line":28,"column":37},"end":{"line":28,"column":38}},"loc":{"start":{"line":28,"column":53},"end":{"line":28,"column":75}}},"8":{"name":"(anonymous_10)","decl":{"start":{"line":39,"column":9},"end":{"line":39,"column":25}},"loc":{"start":{"line":39,"column":54},"end":{"line":68,"column":3}}},"9":{"name":"(anonymous_11)","decl":{"start":{"line":40,"column":23},"end":{"line":40,"column":24}},"loc":{"start":{"line":41,"column":6},"end":{"line":66,"column":8}}},"10":{"name":"(anonymous_12)","decl":{"start":{"line":41,"column":45},"end":{"line":41,"column":46}},"loc":{"start":{"line":41,"column":63},"end":{"line":66,"column":7}}},"11":{"name":"(anonymous_13)","decl":{"start":{"line":42,"column":43},"end":{"line":42,"column":44}},"loc":{"start":{"line":42,"column":59},"end":{"line":42,"column":120}}},"12":{"name":"(anonymous_14)","decl":{"start":{"line":43,"column":43},"end":{"line":43,"column":44}},"loc":{"start":{"line":43,"column":59},"end":{"line":43,"column":120}}},"13":{"name":"(anonymous_15)","decl":{"start":{"line":70,"column":10},"end":{"line":70,"column":24}},"loc":{"start":{"line":70,"column":69},"end":{"line":82,"column":3}}},"14":{"name":"(anonymous_16)","decl":{"start":{"line":84,"column":10},"end":{"line":84,"column":23}},"loc":{"start":{"line":84,"column":52},"end":{"line":86,"column":3}}}},"branchMap":{"0":{"loc":{"start":{"line":31,"column":29},"end":{"line":31,"column":43}},"type":"cond-expr","locations":[{"start":{"line":31,"column":29},"end":{"line":31,"column":43}},{"start":{"line":31,"column":46},"end":{"line":31,"column":50}}]},"1":{"loc":{"start":{"line":32,"column":29},"end":{"line":32,"column":43}},"type":"cond-expr","locations":[{"start":{"line":32,"column":29},"end":{"line":32,"column":43}},{"start":{"line":32,"column":46},"end":{"line":32,"column":50}}]},"2":{"loc":{"start":{"line":45,"column":8},"end":{"line":47,"column":null}},"type":"if","locations":[{"start":{"line":45,"column":8},"end":{"line":47,"column":null}},{"start":{"line":45,"column":8},"end":{"line":47,"column":null}}]},"3":{"loc":{"start":{"line":45,"column":12},"end":{"line":45,"column":57}},"type":"binary-expr","locations":[{"start":{"line":45,"column":12},"end":{"line":45,"column":57}},{"start":{"line":45,"column":61},"end":{"line":45,"column":106}}]},"4":{"loc":{"start":{"line":52,"column":8},"end":{"line":58,"column":null}},"type":"if","locations":[{"start":{"line":52,"column":8},"end":{"line":58,"column":null}},{"start":{"line":52,"column":8},"end":{"line":58,"column":null}}]},"5":{"loc":{"start":{"line":54,"column":15},"end":{"line":58,"column":null}},"type":"if","locations":[{"start":{"line":54,"column":15},"end":{"line":58,"column":null}},{"start":{"line":54,"column":15},"end":{"line":58,"column":null}}]},"6":{"loc":{"start":{"line":63,"column":31},"end":{"line":63,"column":44}},"type":"cond-expr","locations":[{"start":{"line":63,"column":31},"end":{"line":63,"column":44}},{"start":{"line":63,"column":47},"end":{"line":63,"column":51}}]},"7":{"loc":{"start":{"line":71,"column":4},"end":{"line":73,"column":null}},"type":"if","locations":[{"start":{"line":71,"column":4},"end":{"line":73,"column":null}},{"start":{"line":71,"column":4},"end":{"line":73,"column":null}}]},"8":{"loc":{"start":{"line":75,"column":4},"end":{"line":77,"column":null}},"type":"if","locations":[{"start":{"line":75,"column":4},"end":{"line":77,"column":null}},{"start":{"line":75,"column":4},"end":{"line":77,"column":null}}]},"9":{"loc":{"start":{"line":75,"column":8},"end":{"line":75,"column":17}},"type":"binary-expr","locations":[{"start":{"line":75,"column":8},"end":{"line":75,"column":17}},{"start":{"line":75,"column":21},"end":{"line":75,"column":49}}]},"10":{"loc":{"start":{"line":79,"column":4},"end":{"line":81,"column":null}},"type":"if","locations":[{"start":{"line":79,"column":4},"end":{"line":81,"column":null}},{"start":{"line":79,"column":4},"end":{"line":81,"column":null}}]},"11":{"loc":{"start":{"line":79,"column":8},"end":{"line":79,"column":17}},"type":"binary-expr","locations":[{"start":{"line":79,"column":8},"end":{"line":79,"column":17}},{"start":{"line":79,"column":21},"end":{"line":79,"column":49}}]}},"s":{"0":2,"1":2,"2":2,"3":2,"4":2,"5":4,"6":4,"7":1,"8":1,"9":1,"10":2,"11":7,"12":8,"13":7,"14":13,"15":7,"16":0,"17":0,"18":0,"19":0,"20":0,"21":0,"22":0,"23":0,"24":0,"25":0,"26":0,"27":0,"28":0,"29":0,"30":0,"31":7,"32":0,"33":7,"34":2,"35":5,"36":2,"37":0,"38":2,"39":2},"f":{"0":4,"1":1,"2":1,"3":1,"4":2,"5":7,"6":8,"7":13,"8":0,"9":0,"10":0,"11":0,"12":0,"13":7,"14":0},"b":{"0":[7,0],"1":[7,0],"2":[0,0],"3":[0,0],"4":[0,0],"5":[0,0],"6":[0,0],"7":[0,7],"8":[2,5],"9":[7,7],"10":[2,3],"11":[5,5]}}
,"/Users/rogier/WebstormProjects/montepoeli/server/src/modules/game/game-repository/game-repository.service.ts": {"path":"/Users/rogier/WebstormProjects/montepoeli/server/src/modules/game/game-repository/game-repository.service.ts","statementMap":{"0":{"start":{"line":1,"column":0},"end":{"line":1,"column":42}},"1":{"start":{"line":3,"column":0},"end":{"line":3,"column":45}},"2":{"start":{"line":4,"column":0},"end":{"line":4,"column":31}},"3":{"start":{"line":7,"column":0},"end":{"line":19,"column":null}},"4":{"start":{"line":8,"column":52},"end":{"line":8,"column":63}},"5":{"start":{"line":12,"column":4},"end":{"line":12,"column":40}},"6":{"start":{"line":16,"column":4},"end":{"line":16,"column":43}},"7":{"start":{"line":7,"column":13},"end":{"line":19,"column":null}},"8":{"start":{"line":7,"column":13},"end":{"line":7,"column":34}}},"fnMap":{"0":{"name":"(anonymous_4)","decl":{"start":{"line":8,"column":2},"end":{"line":8,"column":15}},"loc":{"start":{"line":8,"column":74},"end":{"line":9,"column":3}}},"1":{"name":"(anonymous_5)","decl":{"start":{"line":11,"column":9},"end":{"line":11,"column":13}},"loc":{"start":{"line":11,"column":13},"end":{"line":13,"column":3}}},"2":{"name":"(anonymous_6)","decl":{"start":{"line":15,"column":9},"end":{"line":15,"column":13}},"loc":{"start":{"line":15,"column":24},"end":{"line":17,"column":3}}}},"branchMap":{"0":{"loc":{"start":{"line":8,"column":68},"end":{"line":8,"column":74}},"type":"cond-expr","locations":[{"start":{"line":8,"column":68},"end":{"line":8,"column":74}},{"start":{"line":8,"column":68},"end":{"line":8,"column":74}}]},"1":{"loc":{"start":{"line":8,"column":63},"end":{"line":8,"column":74}},"type":"binary-expr","locations":[{"start":{"line":8,"column":63},"end":{"line":8,"column":74}},{"start":{"line":8,"column":63},"end":{"line":8,"column":68}}]}},"s":{"0":2,"1":2,"2":2,"3":2,"4":3,"5":0,"6":0,"7":2,"8":2},"f":{"0":3,"1":0,"2":0},"b":{"0":[2,0],"1":[2,2]}}
,"/Users/rogier/WebstormProjects/montepoeli/server/src/modules/game/game.service/game.service.ts": {"path":"/Users/rogier/WebstormProjects/montepoeli/server/src/modules/game/game.service/game.service.ts","statementMap":{"0":{"start":{"line":1,"column":0},"end":{"line":1,"column":63}},"1":{"start":{"line":5,"column":0},"end":{"line":5,"column":68}},"2":{"start":{"line":6,"column":0},"end":{"line":6,"column":69}},"3":{"start":{"line":7,"column":0},"end":{"line":7,"column":81}},"4":{"start":{"line":10,"column":0},"end":{"line":37,"column":null}},"5":{"start":{"line":11,"column":38},"end":{"line":11,"column":50}},"6":{"start":{"line":12,"column":38},"end":{"line":12,"column":51}},"7":{"start":{"line":13,"column":38},"end":{"line":13,"column":61}},"8":{"start":{"line":17,"column":34},"end":{"line":17,"column":73}},"9":{"start":{"line":18,"column":18},"end":{"line":18,"column":70}},"10":{"start":{"line":20,"column":4},"end":{"line":20,"column":47}},"11":{"start":{"line":24,"column":4},"end":{"line":27,"column":null}},"12":{"start":{"line":25,"column":6},"end":{"line":26,"column":69}},"13":{"start":{"line":26,"column":30},"end":{"line":26,"column":67}},"14":{"start":{"line":31,"column":4},"end":{"line":33,"column":null}},"15":{"start":{"line":32,"column":6},"end":{"line":32,"column":62}},"16":{"start":{"line":35,"column":4},"end":{"line":35,"column":16}},"17":{"start":{"line":10,"column":13},"end":{"line":37,"column":null}},"18":{"start":{"line":10,"column":13},"end":{"line":10,"column":24}}},"fnMap":{"0":{"name":"(anonymous_9)","decl":{"start":{"line":11,"column":2},"end":{"line":11,"column":38}},"loc":{"start":{"line":13,"column":82},"end":{"line":14,"column":3}}},"1":{"name":"(anonymous_10)","decl":{"start":{"line":16,"column":15},"end":{"line":16,"column":23}},"loc":{"start":{"line":16,"column":23},"end":{"line":21,"column":null}}},"2":{"name":"(anonymous_12)","decl":{"start":{"line":23,"column":9},"end":{"line":23,"column":15}},"loc":{"start":{"line":23,"column":44},"end":{"line":28,"column":3}}},"3":{"name":"(anonymous_13)","decl":{"start":{"line":26,"column":14},"end":{"line":26,"column":15}},"loc":{"start":{"line":26,"column":30},"end":{"line":26,"column":67}}},"4":{"name":"(anonymous_14)","decl":{"start":{"line":30,"column":10},"end":{"line":30,"column":18}},"loc":{"start":{"line":30,"column":47},"end":{"line":36,"column":3}}}},"branchMap":{"0":{"loc":{"start":{"line":24,"column":4},"end":{"line":27,"column":null}},"type":"if","locations":[{"start":{"line":24,"column":4},"end":{"line":27,"column":null}},{"start":{"line":24,"column":4},"end":{"line":27,"column":null}}]},"1":{"loc":{"start":{"line":31,"column":4},"end":{"line":33,"column":null}},"type":"if","locations":[{"start":{"line":31,"column":4},"end":{"line":33,"column":null}},{"start":{"line":31,"column":4},"end":{"line":33,"column":null}}]},"2":{"loc":{"start":{"line":31,"column":8},"end":{"line":31,"column":28}},"type":"binary-expr","locations":[{"start":{"line":31,"column":8},"end":{"line":31,"column":28}},{"start":{"line":31,"column":32},"end":{"line":31,"column":52}},{"start":{"line":31,"column":56},"end":{"line":31,"column":77}}]}},"s":{"0":1,"1":1,"2":1,"3":1,"4":1,"5":2,"6":2,"7":2,"8":1,"9":1,"10":1,"11":0,"12":0,"13":0,"14":0,"15":0,"16":0,"17":1,"18":1},"f":{"0":2,"1":1,"2":0,"3":0,"4":0},"b":{"0":[0,0],"1":[0,0],"2":[0,0,0]}}
,"/Users/rogier/WebstormProjects/montepoeli/server/src/modules/rule/rule-mapper/rule-mapper.service.ts": {"path":"/Users/rogier/WebstormProjects/montepoeli/server/src/modules/rule/rule-mapper/rule-mapper.service.ts","statementMap":{"0":{"start":{"line":1,"column":0},"end":{"line":1,"column":42}},"1":{"start":{"line":7,"column":0},"end":{"line":14,"column":null}},"2":{"start":{"line":9,"column":4},"end":{"line":11,"column":6}},"3":{"start":{"line":7,"column":13},"end":{"line":14,"column":null}},"4":{"start":{"line":7,"column":13},"end":{"line":7,"column":30}}},"fnMap":{"0":{"name":"(anonymous_1)","decl":{"start":{"line":8,"column":9},"end":{"line":8,"column":16}},"loc":{"start":{"line":8,"column":27},"end":{"line":12,"column":3}}}},"branchMap":{},"s":{"0":2,"1":2,"2":0,"3":2,"4":2},"f":{"0":0},"b":{}}
,"/Users/rogier/WebstormProjects/montepoeli/server/src/modules/rule/rule-repository/rule-repository.service.ts": {"path":"/Users/rogier/WebstormProjects/montepoeli/server/src/modules/rule/rule-repository/rule-repository.service.ts","statementMap":{"0":{"start":{"line":1,"column":0},"end":{"line":1,"column":42}},"1":{"start":{"line":2,"column":0},"end":{"line":2,"column":45}},"2":{"start":{"line":3,"column":0},"end":{"line":3,"column":31}},"3":{"start":{"line":7,"column":0},"end":{"line":18,"column":null}},"4":{"start":{"line":8,"column":52},"end":{"line":8,"column":63}},"5":{"start":{"line":12,"column":4},"end":{"line":12,"column":40}},"6":{"start":{"line":16,"column":4},"end":{"line":16,"column":43}},"7":{"start":{"line":7,"column":13},"end":{"line":18,"column":null}},"8":{"start":{"line":7,"column":13},"end":{"line":7,"column":34}}},"fnMap":{"0":{"name":"(anonymous_4)","decl":{"start":{"line":8,"column":2},"end":{"line":8,"column":15}},"loc":{"start":{"line":8,"column":74},"end":{"line":9,"column":3}}},"1":{"name":"(anonymous_5)","decl":{"start":{"line":11,"column":9},"end":{"line":11,"column":13}},"loc":{"start":{"line":11,"column":13},"end":{"line":13,"column":3}}},"2":{"name":"(anonymous_6)","decl":{"start":{"line":15,"column":9},"end":{"line":15,"column":13}},"loc":{"start":{"line":15,"column":24},"end":{"line":17,"column":3}}}},"branchMap":{"0":{"loc":{"start":{"line":8,"column":68},"end":{"line":8,"column":74}},"type":"cond-expr","locations":[{"start":{"line":8,"column":68},"end":{"line":8,"column":74}},{"start":{"line":8,"column":68},"end":{"line":8,"column":74}}]},"1":{"loc":{"start":{"line":8,"column":63},"end":{"line":8,"column":74}},"type":"binary-expr","locations":[{"start":{"line":8,"column":63},"end":{"line":8,"column":74}},{"start":{"line":8,"column":63},"end":{"line":8,"column":68}}]}},"s":{"0":2,"1":2,"2":2,"3":2,"4":1,"5":0,"6":0,"7":2,"8":2},"f":{"0":1,"1":0,"2":0},"b":{"0":[2,0],"1":[2,2]}}
,"/Users/rogier/WebstormProjects/montepoeli/server/src/modules/rule/rule-service/rule.service.ts": {"path":"/Users/rogier/WebstormProjects/montepoeli/server/src/modules/rule/rule-service/rule.service.ts","statementMap":{"0":{"start":{"line":1,"column":0},"end":{"line":1,"column":42}},"1":{"start":{"line":4,"column":0},"end":{"line":4,"column":81}},"2":{"start":{"line":6,"column":0},"end":{"line":6,"column":69}},"3":{"start":{"line":7,"column":0},"end":{"line":7,"column":68}},"4":{"start":{"line":10,"column":0},"end":{"line":33,"column":null}},"5":{"start":{"line":11,"column":22},"end":{"line":11,"column":45}},"6":{"start":{"line":12,"column":22},"end":{"line":12,"column":41}},"7":{"start":{"line":13,"column":22},"end":{"line":13,"column":35}},"8":{"start":{"line":17,"column":34},"end":{"line":17,"column":73}},"9":{"start":{"line":18,"column":18},"end":{"line":18,"column":70}},"10":{"start":{"line":20,"column":4},"end":{"line":20,"column":75}},"11":{"start":{"line":20,"column":37},"end":{"line":20,"column":73}},"12":{"start":{"line":24,"column":26},"end":{"line":27,"column":6}},"13":{"start":{"line":29,"column":17},"end":{"line":29,"column":63}},"14":{"start":{"line":31,"column":4},"end":{"line":31,"column":48}},"15":{"start":{"line":10,"column":13},"end":{"line":33,"column":null}},"16":{"start":{"line":10,"column":13},"end":{"line":10,"column":24}}},"fnMap":{"0":{"name":"(anonymous_9)","decl":{"start":{"line":11,"column":2},"end":{"line":11,"column":22}},"loc":{"start":{"line":13,"column":46},"end":{"line":14,"column":3}}},"1":{"name":"(anonymous_10)","decl":{"start":{"line":16,"column":15},"end":{"line":16,"column":21}},"loc":{"start":{"line":16,"column":21},"end":{"line":21,"column":null}}},"2":{"name":"(anonymous_12)","decl":{"start":{"line":20,"column":21},"end":{"line":20,"column":22}},"loc":{"start":{"line":20,"column":37},"end":{"line":20,"column":73}}},"3":{"name":"(anonymous_13)","decl":{"start":{"line":23,"column":15},"end":{"line":23,"column":21}},"loc":{"start":{"line":23,"column":50},"end":{"line":32,"column":null}}}},"branchMap":{},"s":{"0":1,"1":1,"2":1,"3":1,"4":1,"5":1,"6":1,"7":1,"8":0,"9":0,"10":0,"11":0,"12":0,"13":0,"14":0,"15":1,"16":1},"f":{"0":1,"1":0,"2":0,"3":0},"b":{}}
,"/Users/rogier/WebstormProjects/montepoeli/server/src/modules/shared/services/sort/sort.service.ts": {"path":"/Users/rogier/WebstormProjects/montepoeli/server/src/modules/shared/services/sort/sort.service.ts","statementMap":{"0":{"start":{"line":1,"column":0},"end":{"line":1,"column":42}},"1":{"start":{"line":4,"column":0},"end":{"line":12,"column":null}},"2":{"start":{"line":6,"column":4},"end":{"line":6,"column":75}},"3":{"start":{"line":6,"column":36},"end":{"line":6,"column":73}},"4":{"start":{"line":10,"column":4},"end":{"line":10,"column":76}},"5":{"start":{"line":10,"column":36},"end":{"line":10,"column":73}},"6":{"start":{"line":4,"column":13},"end":{"line":12,"column":null}},"7":{"start":{"line":4,"column":13},"end":{"line":4,"column":24}}},"fnMap":{"0":{"name":"(anonymous_1)","decl":{"start":{"line":5,"column":9},"end":{"line":5,"column":29}},"loc":{"start":{"line":5,"column":44},"end":{"line":7,"column":3}}},"1":{"name":"(anonymous_2)","decl":{"start":{"line":6,"column":24},"end":{"line":6,"column":25}},"loc":{"start":{"line":6,"column":36},"end":{"line":6,"column":73}}},"2":{"name":"(anonymous_3)","decl":{"start":{"line":9,"column":9},"end":{"line":9,"column":28}},"loc":{"start":{"line":9,"column":43},"end":{"line":11,"column":3}}},"3":{"name":"(anonymous_4)","decl":{"start":{"line":10,"column":24},"end":{"line":10,"column":25}},"loc":{"start":{"line":10,"column":36},"end":{"line":10,"column":73}}}},"branchMap":{},"s":{"0":3,"1":3,"2":5,"3":9,"4":3,"5":3,"6":3,"7":3},"f":{"0":5,"1":9,"2":3,"3":3},"b":{}}
,"/Users/rogier/WebstormProjects/montepoeli/server/src/modules/shared/services/util/util.service.ts": {"path":"/Users/rogier/WebstormProjects/montepoeli/server/src/modules/shared/services/util/util.service.ts","statementMap":{"0":{"start":{"line":1,"column":0},"end":{"line":1,"column":42}},"1":{"start":{"line":4,"column":0},"end":{"line":8,"column":null}},"2":{"start":{"line":6,"column":4},"end":{"line":6,"column":49}},"3":{"start":{"line":4,"column":13},"end":{"line":8,"column":null}},"4":{"start":{"line":4,"column":13},"end":{"line":4,"column":24}}},"fnMap":{"0":{"name":"(anonymous_1)","decl":{"start":{"line":5,"column":9},"end":{"line":5,"column":26}},"loc":{"start":{"line":5,"column":37},"end":{"line":7,"column":3}}}},"branchMap":{"0":{"loc":{"start":{"line":6,"column":11},"end":{"line":6,"column":25}},"type":"binary-expr","locations":[{"start":{"line":6,"column":11},"end":{"line":6,"column":25}},{"start":{"line":6,"column":29},"end":{"line":6,"column":48}}]}},"s":{"0":3,"1":3,"2":4,"3":3,"4":3},"f":{"0":4},"b":{"0":[4,3]}}
,"/Users/rogier/WebstormProjects/montepoeli/server/src/modules/users/user-repository/user-repository.service.ts": {"path":"/Users/rogier/WebstormProjects/montepoeli/server/src/modules/users/user-repository/user-repository.service.ts","statementMap":{"0":{"start":{"line":1,"column":0},"end":{"line":1,"column":72}},"1":{"start":{"line":3,"column":0},"end":{"line":3,"column":45}},"2":{"start":{"line":4,"column":0},"end":{"line":4,"column":31}},"3":{"start":{"line":7,"column":0},"end":{"line":29,"column":null}},"4":{"start":{"line":9,"column":52},"end":{"line":9,"column":63}},"5":{"start":{"line":13,"column":4},"end":{"line":13,"column":40}},"6":{"start":{"line":17,"column":18},"end":{"line":17,"column":62}},"7":{"start":{"line":19,"column":4},"end":{"line":21,"column":null}},"8":{"start":{"line":20,"column":6},"end":{"line":20,"column":88}},"9":{"start":{"line":23,"column":4},"end":{"line":23,"column":20}},"10":{"start":{"line":27,"column":4},"end":{"line":27,"column":43}},"11":{"start":{"line":7,"column":13},"end":{"line":29,"column":null}},"12":{"start":{"line":7,"column":13},"end":{"line":7,"column":34}}},"fnMap":{"0":{"name":"(anonymous_11)","decl":{"start":{"line":9,"column":2},"end":{"line":9,"column":15}},"loc":{"start":{"line":9,"column":74},"end":{"line":10,"column":3}}},"1":{"name":"(anonymous_12)","decl":{"start":{"line":12,"column":9},"end":{"line":12,"column":13}},"loc":{"start":{"line":12,"column":13},"end":{"line":14,"column":3}}},"2":{"name":"(anonymous_13)","decl":{"start":{"line":16,"column":15},"end":{"line":16,"column":29}},"loc":{"start":{"line":16,"column":46},"end":{"line":24,"column":null}}},"3":{"name":"(anonymous_15)","decl":{"start":{"line":26,"column":9},"end":{"line":26,"column":13}},"loc":{"start":{"line":26,"column":24},"end":{"line":28,"column":3}}}},"branchMap":{"0":{"loc":{"start":{"line":19,"column":4},"end":{"line":21,"column":null}},"type":"if","locations":[{"start":{"line":19,"column":4},"end":{"line":21,"column":null}},{"start":{"line":19,"column":4},"end":{"line":21,"column":null}}]},"1":{"loc":{"start":{"line":9,"column":68},"end":{"line":9,"column":74}},"type":"cond-expr","locations":[{"start":{"line":9,"column":68},"end":{"line":9,"column":74}},{"start":{"line":9,"column":68},"end":{"line":9,"column":74}}]},"2":{"loc":{"start":{"line":9,"column":63},"end":{"line":9,"column":74}},"type":"binary-expr","locations":[{"start":{"line":9,"column":63},"end":{"line":9,"column":74}},{"start":{"line":9,"column":63},"end":{"line":9,"column":68}}]}},"s":{"0":3,"1":3,"2":3,"3":3,"4":5,"5":0,"6":0,"7":0,"8":0,"9":0,"10":0,"11":3,"12":3},"f":{"0":5,"1":0,"2":0,"3":0},"b":{"0":[0,0],"1":[3,0],"2":[3,3]}}
}
